[0.086s] DEBUG:colcon:Command line arguments: ['/usr/bin/colcon', 'build', '--packages-select', 'libfreenect', '--cmake-args', '-DBUILD_PYTHON3=ON', '-DBUILD_CV=OFF', '-DBUILD_EXAMPLES=OFF', '-DCMAKE_BUILD_TYPE=Release']
[0.086s] DEBUG:colcon:Parsed command line arguments: Namespace(log_base=None, log_level=None, verb_name='build', build_base='build', install_base='install', merge_install=False, symlink_install=False, test_result_base=None, continue_on_error=False, executor='parallel', parallel_workers=8, event_handlers=None, ignore_user_meta=False, metas=['./colcon.meta'], base_paths=['.'], packages_ignore=None, packages_ignore_regex=None, paths=None, packages_up_to=None, packages_up_to_regex=None, packages_above=None, packages_above_and_dependencies=None, packages_above_depth=None, packages_select_by_dep=None, packages_skip_by_dep=None, packages_skip_up_to=None, packages_select_build_failed=False, packages_skip_build_finished=False, packages_select_test_failures=False, packages_skip_test_passed=False, packages_select=['libfreenect'], packages_skip=None, packages_select_regex=None, packages_skip_regex=None, packages_start=None, packages_end=None, cmake_args=['-DBUILD_PYTHON3=ON', '-DBUILD_CV=OFF', '-DBUILD_EXAMPLES=OFF', '-DCMAKE_BUILD_TYPE=Release'], cmake_target=None, cmake_target_skip_unavailable=False, cmake_clean_cache=False, cmake_clean_first=False, cmake_force_configure=False, ament_cmake_args=None, catkin_cmake_args=None, catkin_skip_building_tests=False, mixin_files=None, mixin=None, verb_parser=<colcon_mixin.mixin.mixin_argument.MixinArgumentDecorator object at 0x7f6c95010ec0>, verb_extension=<colcon_core.verb.build.BuildVerb object at 0x7f6c95185280>, main=<bound method BuildVerb.main of <colcon_core.verb.build.BuildVerb object at 0x7f6c95185280>>, mixin_verb=('build',))
[0.117s] Level 1:colcon.colcon_core.package_discovery:discover_packages(colcon_meta) check parameters
[0.118s] INFO:colcon.colcon_metadata.package_discovery.colcon_meta:Using configuration from '/root/.colcon/metadata/default/Gazebo.meta'
[0.118s] INFO:colcon.colcon_metadata.package_discovery.colcon_meta:Using configuration from '/root/.colcon/metadata/default/fastdds.meta'
[0.118s] INFO:colcon.colcon_metadata.package_discovery.colcon_meta:Using configuration from '/root/.colcon/metadata/default/fastrtps.meta'
[0.118s] Level 1:colcon.colcon_core.package_discovery:discover_packages(recursive) check parameters
[0.119s] Level 1:colcon.colcon_core.package_discovery:discover_packages(ignore) check parameters
[0.119s] Level 1:colcon.colcon_core.package_discovery:discover_packages(path) check parameters
[0.119s] Level 1:colcon.colcon_core.package_discovery:discover_packages(colcon_meta) discover
[0.119s] Level 1:colcon.colcon_core.package_discovery:discover_packages(recursive) discover
[0.119s] INFO:colcon.colcon_core.package_discovery:Crawling recursively for packages in '/root/ros_ws'
[0.119s] Level 1:colcon.colcon_core.package_identification:_identify(.) by extensions ['ignore', 'ignore_ament_install']
[0.119s] Level 1:colcon.colcon_core.package_identification:_identify(.) by extension 'ignore'
[0.119s] Level 1:colcon.colcon_core.package_identification:_identify(.) by extension 'ignore_ament_install'
[0.119s] Level 1:colcon.colcon_core.package_identification:_identify(.) by extensions ['colcon_pkg']
[0.119s] Level 1:colcon.colcon_core.package_identification:_identify(.) by extension 'colcon_pkg'
[0.119s] Level 1:colcon.colcon_core.package_identification:_identify(.) by extensions ['colcon_meta']
[0.119s] Level 1:colcon.colcon_core.package_identification:_identify(.) by extension 'colcon_meta'
[0.119s] Level 1:colcon.colcon_core.package_identification:_identify(.) by extensions ['ros']
[0.119s] Level 1:colcon.colcon_core.package_identification:_identify(.) by extension 'ros'
[0.141s] Level 1:colcon.colcon_core.package_identification:_identify(.) by extensions ['cmake', 'python']
[0.141s] Level 1:colcon.colcon_core.package_identification:_identify(.) by extension 'cmake'
[0.141s] Level 1:colcon.colcon_core.package_identification:_identify(.) by extension 'python'
[0.141s] Level 1:colcon.colcon_core.package_identification:_identify(.) by extensions ['python_setup_py']
[0.141s] Level 1:colcon.colcon_core.package_identification:_identify(.) by extension 'python_setup_py'
[0.141s] Level 1:colcon.colcon_core.package_identification:_identify(build) by extensions ['ignore', 'ignore_ament_install']
[0.141s] Level 1:colcon.colcon_core.package_identification:_identify(build) by extension 'ignore'
[0.141s] Level 1:colcon.colcon_core.package_identification:_identify(build) ignored
[0.141s] Level 1:colcon.colcon_core.package_identification:_identify(install) by extensions ['ignore', 'ignore_ament_install']
[0.141s] Level 1:colcon.colcon_core.package_identification:_identify(install) by extension 'ignore'
[0.141s] Level 1:colcon.colcon_core.package_identification:_identify(install) ignored
[0.141s] Level 1:colcon.colcon_core.package_identification:_identify(log) by extensions ['ignore', 'ignore_ament_install']
[0.141s] Level 1:colcon.colcon_core.package_identification:_identify(log) by extension 'ignore'
[0.141s] Level 1:colcon.colcon_core.package_identification:_identify(log) ignored
[0.141s] Level 1:colcon.colcon_core.package_identification:_identify(src) by extensions ['ignore', 'ignore_ament_install']
[0.142s] Level 1:colcon.colcon_core.package_identification:_identify(src) by extension 'ignore'
[0.142s] Level 1:colcon.colcon_core.package_identification:_identify(src) by extension 'ignore_ament_install'
[0.142s] Level 1:colcon.colcon_core.package_identification:_identify(src) by extensions ['colcon_pkg']
[0.142s] Level 1:colcon.colcon_core.package_identification:_identify(src) by extension 'colcon_pkg'
[0.142s] Level 1:colcon.colcon_core.package_identification:_identify(src) by extensions ['colcon_meta']
[0.142s] Level 1:colcon.colcon_core.package_identification:_identify(src) by extension 'colcon_meta'
[0.142s] Level 1:colcon.colcon_core.package_identification:_identify(src) by extensions ['ros']
[0.142s] Level 1:colcon.colcon_core.package_identification:_identify(src) by extension 'ros'
[0.142s] Level 1:colcon.colcon_core.package_identification:_identify(src) by extensions ['cmake', 'python']
[0.142s] Level 1:colcon.colcon_core.package_identification:_identify(src) by extension 'cmake'
[0.142s] Level 1:colcon.colcon_core.package_identification:_identify(src) by extension 'python'
[0.142s] Level 1:colcon.colcon_core.package_identification:_identify(src) by extensions ['python_setup_py']
[0.142s] Level 1:colcon.colcon_core.package_identification:_identify(src) by extension 'python_setup_py'
[0.142s] Level 1:colcon.colcon_core.package_identification:_identify(src/libfreenect) by extensions ['ignore', 'ignore_ament_install']
[0.142s] Level 1:colcon.colcon_core.package_identification:_identify(src/libfreenect) by extension 'ignore'
[0.142s] Level 1:colcon.colcon_core.package_identification:_identify(src/libfreenect) by extension 'ignore_ament_install'
[0.142s] Level 1:colcon.colcon_core.package_identification:_identify(src/libfreenect) by extensions ['colcon_pkg']
[0.142s] Level 1:colcon.colcon_core.package_identification:_identify(src/libfreenect) by extension 'colcon_pkg'
[0.142s] Level 1:colcon.colcon_core.package_identification:_identify(src/libfreenect) by extensions ['colcon_meta']
[0.142s] Level 1:colcon.colcon_core.package_identification:_identify(src/libfreenect) by extension 'colcon_meta'
[0.142s] Level 1:colcon.colcon_core.package_identification:_identify(src/libfreenect) by extensions ['ros']
[0.142s] Level 1:colcon.colcon_core.package_identification:_identify(src/libfreenect) by extension 'ros'
[0.142s] Level 1:colcon.colcon_core.package_identification:_identify(src/libfreenect) by extensions ['cmake', 'python']
[0.142s] Level 1:colcon.colcon_core.package_identification:_identify(src/libfreenect) by extension 'cmake'
[0.152s] Level 1:colcon.colcon_core.package_identification:_identify(src/libfreenect) by extension 'python'
[0.152s] DEBUG:colcon.colcon_core.package_identification:Package 'src/libfreenect' with type 'cmake' and name 'libfreenect'
[0.152s] Level 1:colcon.colcon_core.package_discovery:discover_packages(recursive) using defaults
[0.152s] Level 1:colcon.colcon_core.package_discovery:discover_packages(ignore) discover
[0.152s] Level 1:colcon.colcon_core.package_discovery:discover_packages(ignore) using defaults
[0.152s] Level 1:colcon.colcon_core.package_discovery:discover_packages(path) discover
[0.152s] Level 1:colcon.colcon_core.package_discovery:discover_packages(path) using defaults
[0.166s] Level 5:colcon.colcon_core.verb:set package 'libfreenect' build argument 'cmake_args' from command line to '['-DBUILD_PYTHON3=ON', '-DBUILD_CV=OFF', '-DBUILD_EXAMPLES=OFF', '-DCMAKE_BUILD_TYPE=Release']'
[0.166s] Level 5:colcon.colcon_core.verb:set package 'libfreenect' build argument 'cmake_target' from command line to 'None'
[0.166s] Level 5:colcon.colcon_core.verb:set package 'libfreenect' build argument 'cmake_target_skip_unavailable' from command line to 'False'
[0.166s] Level 5:colcon.colcon_core.verb:set package 'libfreenect' build argument 'cmake_clean_cache' from command line to 'False'
[0.166s] Level 5:colcon.colcon_core.verb:set package 'libfreenect' build argument 'cmake_clean_first' from command line to 'False'
[0.166s] Level 5:colcon.colcon_core.verb:set package 'libfreenect' build argument 'cmake_force_configure' from command line to 'False'
[0.166s] Level 5:colcon.colcon_core.verb:set package 'libfreenect' build argument 'ament_cmake_args' from command line to 'None'
[0.166s] Level 5:colcon.colcon_core.verb:set package 'libfreenect' build argument 'catkin_cmake_args' from command line to 'None'
[0.166s] Level 5:colcon.colcon_core.verb:set package 'libfreenect' build argument 'catkin_skip_building_tests' from command line to 'False'
[0.166s] DEBUG:colcon.colcon_core.verb:Building package 'libfreenect' with the following arguments: {'ament_cmake_args': None, 'build_base': '/root/ros_ws/build/libfreenect', 'catkin_cmake_args': None, 'catkin_skip_building_tests': False, 'cmake_args': ['-DBUILD_PYTHON3=ON', '-DBUILD_CV=OFF', '-DBUILD_EXAMPLES=OFF', '-DCMAKE_BUILD_TYPE=Release'], 'cmake_clean_cache': False, 'cmake_clean_first': False, 'cmake_force_configure': False, 'cmake_target': None, 'cmake_target_skip_unavailable': False, 'install_base': '/root/ros_ws/install/libfreenect', 'merge_install': False, 'path': '/root/ros_ws/src/libfreenect', 'symlink_install': False, 'test_result_base': None}
[0.166s] INFO:colcon.colcon_core.executor:Executing jobs using 'parallel' executor
[0.167s] DEBUG:colcon.colcon_parallel_executor.executor.parallel:run_until_complete
[0.167s] INFO:colcon.colcon_cmake.task.cmake.build:Building CMake package in '/root/ros_ws/src/libfreenect'
[0.169s] INFO:colcon.colcon_core.plugin_system:Skipping extension 'colcon_core.shell.bat': Not used on non-Windows systems
[0.169s] INFO:colcon.colcon_core.shell:Skip shell extension 'powershell' for command environment: Not usable outside of PowerShell
[0.169s] DEBUG:colcon.colcon_core.shell:Skip shell extension 'dsv' for command environment
[0.175s] DEBUG:colcon.colcon_core.event_handler.log_command:Invoking command in '/root/ros_ws/build/libfreenect': /usr/bin/cmake /root/ros_ws/src/libfreenect -DBUILD_PYTHON3=ON -DBUILD_CV=OFF -DBUILD_EXAMPLES=OFF -DCMAKE_BUILD_TYPE=Release -DCMAKE_INSTALL_PREFIX=/root/ros_ws/install/libfreenect
[0.738s] DEBUG:colcon.colcon_core.event_handler.log_command:Invoked command in '/root/ros_ws/build/libfreenect' returned '0': /usr/bin/cmake /root/ros_ws/src/libfreenect -DBUILD_PYTHON3=ON -DBUILD_CV=OFF -DBUILD_EXAMPLES=OFF -DCMAKE_BUILD_TYPE=Release -DCMAKE_INSTALL_PREFIX=/root/ros_ws/install/libfreenect
[0.739s] DEBUG:colcon.colcon_core.event_handler.log_command:Invoking command in '/root/ros_ws/build/libfreenect': /usr/bin/cmake --build /root/ros_ws/build/libfreenect -- -j8 -l8
[6.025s] DEBUG:colcon.colcon_core.event_handler.log_command:Invoked command in '/root/ros_ws/build/libfreenect' returned '0': /usr/bin/cmake --build /root/ros_ws/build/libfreenect -- -j8 -l8
[6.032s] DEBUG:colcon.colcon_core.event_handler.log_command:Invoking command in '/root/ros_ws/build/libfreenect': /usr/bin/cmake --install /root/ros_ws/build/libfreenect
[6.042s] Level 1:colcon.colcon_core.environment:create_environment_scripts_only(libfreenect)
[6.042s] DEBUG:colcon.colcon_core.event_handler.log_command:Invoked command in '/root/ros_ws/build/libfreenect' returned '0': /usr/bin/cmake --install /root/ros_ws/build/libfreenect
[6.044s] Level 1:colcon.colcon_core.environment:checking '/root/ros_ws/install/libfreenect' for CMake module files
[6.045s] Level 1:colcon.colcon_core.environment:checking '/root/ros_ws/install/libfreenect' for CMake config files
[6.045s] Level 1:colcon.colcon_core.shell:create_environment_hook('libfreenect', 'cmake_prefix_path')
[6.045s] INFO:colcon.colcon_core.shell:Creating environment hook '/root/ros_ws/install/libfreenect/share/libfreenect/hook/cmake_prefix_path.ps1'
[6.045s] INFO:colcon.colcon_core.shell:Creating environment descriptor '/root/ros_ws/install/libfreenect/share/libfreenect/hook/cmake_prefix_path.dsv'
[6.046s] INFO:colcon.colcon_core.shell:Creating environment hook '/root/ros_ws/install/libfreenect/share/libfreenect/hook/cmake_prefix_path.sh'
[6.046s] Level 1:colcon.colcon_core.environment:checking '/root/ros_ws/install/libfreenect/lib'
[6.046s] Level 1:colcon.colcon_core.shell:create_environment_hook('libfreenect', 'ld_library_path_lib')
[6.047s] INFO:colcon.colcon_core.shell:Creating environment hook '/root/ros_ws/install/libfreenect/share/libfreenect/hook/ld_library_path_lib.ps1'
[6.047s] INFO:colcon.colcon_core.shell:Creating environment descriptor '/root/ros_ws/install/libfreenect/share/libfreenect/hook/ld_library_path_lib.dsv'
[6.047s] INFO:colcon.colcon_core.shell:Creating environment hook '/root/ros_ws/install/libfreenect/share/libfreenect/hook/ld_library_path_lib.sh'
[6.047s] Level 1:colcon.colcon_core.environment:checking '/root/ros_ws/install/libfreenect/bin'
[6.048s] Level 1:colcon.colcon_core.shell:create_environment_hook('libfreenect', 'path')
[6.048s] INFO:colcon.colcon_core.shell:Creating environment hook '/root/ros_ws/install/libfreenect/share/libfreenect/hook/path.ps1'
[6.048s] INFO:colcon.colcon_core.shell:Creating environment descriptor '/root/ros_ws/install/libfreenect/share/libfreenect/hook/path.dsv'
[6.048s] INFO:colcon.colcon_core.shell:Creating environment hook '/root/ros_ws/install/libfreenect/share/libfreenect/hook/path.sh'
[6.048s] Level 1:colcon.colcon_core.environment:checking '/root/ros_ws/install/libfreenect/lib/pkgconfig/libfreenect.pc'
[6.048s] Level 1:colcon.colcon_core.shell:create_environment_hook('libfreenect', 'pkg_config')
[6.049s] INFO:colcon.colcon_core.shell:Creating environment hook '/root/ros_ws/install/libfreenect/share/libfreenect/hook/pkg_config.ps1'
[6.049s] INFO:colcon.colcon_core.shell:Creating environment descriptor '/root/ros_ws/install/libfreenect/share/libfreenect/hook/pkg_config.dsv'
[6.049s] INFO:colcon.colcon_core.shell:Creating environment hook '/root/ros_ws/install/libfreenect/share/libfreenect/hook/pkg_config.sh'
[6.051s] Level 1:colcon.colcon_core.environment:checking '/root/ros_ws/install/libfreenect/lib/python3.12/site-packages'
[6.051s] Level 1:colcon.colcon_core.shell:create_environment_hook('libfreenect', 'pythonpath')
[6.051s] INFO:colcon.colcon_core.shell:Creating environment hook '/root/ros_ws/install/libfreenect/share/libfreenect/hook/pythonpath.ps1'
[6.052s] INFO:colcon.colcon_core.shell:Creating environment descriptor '/root/ros_ws/install/libfreenect/share/libfreenect/hook/pythonpath.dsv'
[6.052s] INFO:colcon.colcon_core.shell:Creating environment hook '/root/ros_ws/install/libfreenect/share/libfreenect/hook/pythonpath.sh'
[6.052s] Level 1:colcon.colcon_core.environment:checking '/root/ros_ws/install/libfreenect/bin'
[6.052s] Level 1:colcon.colcon_core.shell:create_environment_hook('libfreenect', 'pythonscriptspath')
[6.052s] INFO:colcon.colcon_core.shell:Creating environment hook '/root/ros_ws/install/libfreenect/share/libfreenect/hook/pythonscriptspath.ps1'
[6.053s] INFO:colcon.colcon_core.shell:Creating environment descriptor '/root/ros_ws/install/libfreenect/share/libfreenect/hook/pythonscriptspath.dsv'
[6.053s] INFO:colcon.colcon_core.shell:Creating environment hook '/root/ros_ws/install/libfreenect/share/libfreenect/hook/pythonscriptspath.sh'
[6.054s] INFO:colcon.colcon_core.shell:Creating package script '/root/ros_ws/install/libfreenect/share/libfreenect/package.ps1'
[6.054s] INFO:colcon.colcon_core.shell:Creating package descriptor '/root/ros_ws/install/libfreenect/share/libfreenect/package.dsv'
[6.055s] INFO:colcon.colcon_core.shell:Creating package script '/root/ros_ws/install/libfreenect/share/libfreenect/package.sh'
[6.055s] INFO:colcon.colcon_core.shell:Creating package script '/root/ros_ws/install/libfreenect/share/libfreenect/package.bash'
[6.056s] INFO:colcon.colcon_core.shell:Creating package script '/root/ros_ws/install/libfreenect/share/libfreenect/package.zsh'
[6.056s] Level 1:colcon.colcon_core.environment:create_file_with_runtime_dependencies(/root/ros_ws/install/libfreenect/share/colcon-core/packages/libfreenect)
[6.056s] DEBUG:colcon.colcon_parallel_executor.executor.parallel:closing loop
[6.057s] DEBUG:colcon.colcon_parallel_executor.executor.parallel:loop closed
[6.057s] DEBUG:colcon.colcon_parallel_executor.executor.parallel:run_until_complete finished with '0'
[6.057s] DEBUG:colcon.colcon_core.event_reactor:joining thread
[6.061s] INFO:colcon.colcon_core.plugin_system:Skipping extension 'colcon_notification.desktop_notification.notify_send': Could not find 'notify-send'
[6.061s] INFO:colcon.colcon_core.plugin_system:Skipping extension 'colcon_notification.desktop_notification.terminal_notifier': Not used on non-Darwin systems
[6.061s] INFO:colcon.colcon_core.plugin_system:Skipping extension 'colcon_notification.desktop_notification.win32': Not used on non-Windows systems
[6.062s] INFO:colcon.colcon_notification.desktop_notification:Sending desktop notification using 'notify2'
[6.062s] DEBUG:colcon.colcon_notification.desktop_notification.notify2:Failed to initialize notify2: org.freedesktop.DBus.Error.InvalidFileContent: D-Bus library appears to be incorrectly set up: see the manual page for dbus-uuidgen to correct this issue. (Failed to open "/var/lib/dbus/machine-id": No such file or directory; UUID file '/etc/machine-id' should contain a hex string of length 32, not length 0, with no other text)
[6.062s] DEBUG:colcon.colcon_core.event_reactor:joined thread
[6.062s] INFO:colcon.colcon_core.shell:Creating prefix script '/root/ros_ws/install/local_setup.ps1'
[6.063s] INFO:colcon.colcon_core.shell:Creating prefix util module '/root/ros_ws/install/_local_setup_util_ps1.py'
[6.064s] INFO:colcon.colcon_core.shell:Creating prefix chain script '/root/ros_ws/install/setup.ps1'
[6.064s] INFO:colcon.colcon_core.shell:Creating prefix script '/root/ros_ws/install/local_setup.sh'
[6.065s] INFO:colcon.colcon_core.shell:Creating prefix util module '/root/ros_ws/install/_local_setup_util_sh.py'
[6.065s] INFO:colcon.colcon_core.shell:Creating prefix chain script '/root/ros_ws/install/setup.sh'
[6.066s] INFO:colcon.colcon_core.shell:Creating prefix script '/root/ros_ws/install/local_setup.bash'
[6.067s] INFO:colcon.colcon_core.shell:Creating prefix chain script '/root/ros_ws/install/setup.bash'
[6.068s] INFO:colcon.colcon_core.shell:Creating prefix script '/root/ros_ws/install/local_setup.zsh'
[6.068s] INFO:colcon.colcon_core.shell:Creating prefix chain script '/root/ros_ws/install/setup.zsh'
