-- Operating system is Linux
-- Got System Processor x86_64
-- Linux x86_64 Detected
-- libfreenect will be installed to /root/ros_ws/install/libfreenect
-- Headers will be installed to /root/ros_ws/install/libfreenect/include/libfreenect
-- Libraries will be installed to /root/ros_ws/install/libfreenect/lib
-- Found libusb-1.0:
--  - Includes: /usr/include/libusb-1.0
--  - Libraries: /usr/lib/x86_64-linux-gnu/libusb-1.0.so
-- Found Python3: /usr/bin/python3 (found version "3.12.3") found components: Interpreter Development Development.Module Development.Embed 
Cython version 3.0.8
-- Configuring done (0.5s)
-- Generating done (0.0s)
-- Build files have been written to: /root/ros_ws/build/libfreenect
[  3%] [32mBuilding C object fakenect/CMakeFiles/fakenect.dir/parson.c.o[0m
[  9%] [32mBuilding C object fakenect/CMakeFiles/fakenect.dir/__/src/registration.c.o[0m
[  9%] [32mBuilding C object fakenect/CMakeFiles/fakenect.dir/fakenect.c.o[0m
[ 15%] [32mBuilding C object src/CMakeFiles/freenect.dir/cameras.c.o[0m
[ 15%] [32mBuilding C object src/CMakeFiles/freenectstatic.dir/tilt.c.o[0m
[ 18%] [32mBuilding C object src/CMakeFiles/freenect.dir/core.c.o[0m
[ 21%] [32mBuilding C object src/CMakeFiles/freenect.dir/tilt.c.o[0m
[ 25%] [32mBuilding C object src/CMakeFiles/freenectstatic.dir/core.c.o[0m
[ 28%] [32mBuilding C object src/CMakeFiles/freenectstatic.dir/cameras.c.o[0m
[ 31%] [32mBuilding C object src/CMakeFiles/freenect.dir/flags.c.o[0m
[ 34%] [32mBuilding C object src/CMakeFiles/freenectstatic.dir/flags.c.o[0m
[ 37%] [32mBuilding C object src/CMakeFiles/freenect.dir/usb_libusb10.c.o[0m
[ 40%] [32mBuilding C object src/CMakeFiles/freenect.dir/registration.c.o[0m
[ 43%] [32mBuilding C object src/CMakeFiles/freenect.dir/audio.c.o[0m
[ 46%] [32mBuilding C object src/CMakeFiles/freenect.dir/loader.c.o[0m
[ 50%] [32mBuilding C object src/CMakeFiles/freenectstatic.dir/usb_libusb10.c.o[0m
[ 53%] [32mBuilding C object src/CMakeFiles/freenectstatic.dir/registration.c.o[0m
[ 56%] [32mBuilding C object src/CMakeFiles/freenectstatic.dir/audio.c.o[0m
[ 59%] [32mBuilding C object src/CMakeFiles/freenectstatic.dir/loader.c.o[0m
[ 62%] [32m[1mLinking C shared library ../lib/libfreenect.so[0m
[ 62%] Built target freenect
[ 65%] [32mBuilding C object fakenect/CMakeFiles/fakenect-record.dir/record.c.o[0m
[ 71%] [32mBuilding C object wrappers/c_sync/CMakeFiles/freenect_sync_static.dir/libfreenect_sync.c.o[0m
[ 71%] [32mBuilding C object fakenect/CMakeFiles/fakenect-record.dir/parson.c.o[0m
[ 75%] [32mBuilding C object wrappers/c_sync/CMakeFiles/freenect_sync.dir/libfreenect_sync.c.o[0m
[ 78%] [32m[1mLinking C static library ../lib/libfreenect.a[0m
[ 78%] Built target freenectstatic
[ 81%] [32m[1mLinking C shared library ../lib/fakenect/libfakenect.so[0m
[ 84%] [32m[1mLinking C shared library ../../lib/libfreenect_sync.so[0m
[ 84%] Built target fakenect
[ 87%] [32m[1mLinking C static library ../../lib/libfreenect_sync.a[0m
[ 87%] Built target freenect_sync
[ 90%] [34m[1mGenerating freenect3.c[0m
[ 90%] Built target freenect_sync_static
[ 93%] [32m[1mLinking C executable ../bin/fakenect-record[0m
[ 93%] Built target fakenect-record
[ 96%] [32mBuilding C object wrappers/python/CMakeFiles/cython3_freenect.dir/freenect3.c.o[0m
[100%] [32m[1mLinking C shared module python3/freenect.so[0m
[100%] Built target cython3_freenect
-- Install configuration: "Release"
-- Up-to-date: /root/ros_ws/install/libfreenect/share/libfreenect/libfreenectConfig.cmake
-- Up-to-date: /root/ros_ws/install/libfreenect/share/fwfetcher.py
-- Installing: /root/ros_ws/install/libfreenect/lib/libfreenect.so.0.7.5
-- Up-to-date: /root/ros_ws/install/libfreenect/lib/libfreenect.so.0
-- Up-to-date: /root/ros_ws/install/libfreenect/lib/libfreenect.so
-- Installing: /root/ros_ws/install/libfreenect/lib/libfreenect.a
-- Up-to-date: /root/ros_ws/install/libfreenect/include/libfreenect/libfreenect.h
-- Up-to-date: /root/ros_ws/install/libfreenect/include/libfreenect/libfreenect_registration.h
-- Up-to-date: /root/ros_ws/install/libfreenect/include/libfreenect/libfreenect_audio.h
-- Up-to-date: /root/ros_ws/install/libfreenect/lib/pkgconfig/libfreenect.pc
-- Installing: /root/ros_ws/install/libfreenect/lib/fakenect/libfakenect.so.0.7.5
-- Up-to-date: /root/ros_ws/install/libfreenect/lib/fakenect/libfakenect.so.0
-- Up-to-date: /root/ros_ws/install/libfreenect/lib/fakenect/libfakenect.so
-- Installing: /root/ros_ws/install/libfreenect/bin/fakenect-record
-- Set non-toolchain portion of runtime path of "/root/ros_ws/install/libfreenect/bin/fakenect-record" to ""
-- Up-to-date: /root/ros_ws/install/libfreenect/bin/fakenect
-- Up-to-date: /root/ros_ws/install/libfreenect/share/man/man1/fakenect.1
-- Up-to-date: /root/ros_ws/install/libfreenect/share/man/man1/fakenect-record.1
-- Installing: /root/ros_ws/install/libfreenect/lib/libfreenect_sync.so.0.7.5
-- Up-to-date: /root/ros_ws/install/libfreenect/lib/libfreenect_sync.so.0
-- Set non-toolchain portion of runtime path of "/root/ros_ws/install/libfreenect/lib/libfreenect_sync.so.0.7.5" to ""
-- Up-to-date: /root/ros_ws/install/libfreenect/lib/libfreenect_sync.so
-- Installing: /root/ros_ws/install/libfreenect/lib/libfreenect_sync.a
-- Up-to-date: /root/ros_ws/install/libfreenect/include/libfreenect/libfreenect_sync.h
-- Up-to-date: /root/ros_ws/install/libfreenect/include/libfreenect/libfreenect.hpp
-- Installing: /root/ros_ws/install/libfreenect/lib/python3.12/site-packages/freenect.so
-- Set non-toolchain portion of runtime path of "/root/ros_ws/install/libfreenect/lib/python3.12/site-packages/freenect.so" to ""
